#
# There is insufficient memory for the Java Runtime Environment to continue.
# Native memory allocation (malloc) failed to allocate 32744 bytes for ChunkPool::allocate
# Possible reasons:
#   The system is out of physical RAM or swap space
#   In 32 bit mode, the process size limit was hit
# Possible solutions:
#   Reduce memory load on the system
#   Increase physical memory or swap space
#   Check if swap backing store is full
#   Use 64 bit Java on a 64 bit OS
#   Decrease Java heap size (-Xmx/-Xms)
#   Decrease number of Java threads
#   Decrease Java thread stack sizes (-Xss)
#   Set larger code cache with -XX:ReservedCodeCacheSize=
# This output file may be truncated or incomplete.
#
#  Out of Memory Error (allocation.cpp:273), pid=10692, tid=0x0000000000003124
#
# JRE version: OpenJDK Runtime Environment (8.0_152-b01) (build 1.8.0_152-release-915-b01)
# Java VM: OpenJDK 64-Bit Server VM (25.152-b01 mixed mode windows-amd64 compressed oops)
# Failed to write core dump. Minidumps are not enabled by default on client versions of Windows
#

---------------  T H R E A D  ---------------

Current thread (0x0000000017e45000):  JavaThread "C2 CompilerThread1" daemon [_thread_in_native, id=12580, stack(0x0000000018520000,0x0000000018620000)]

Stack: [0x0000000018520000,0x0000000018620000]
[error occurred during error reporting (printing stack bounds), id 0xc0000005]

Native frames: (J=compiled Java code, j=interpreted, Vv=VM code, C=native code)


Current CompileTask:
C2:  30194 7420       4       org.jetbrains.kotlin.com.intellij.lang.java.parser.ExpressionParser::parseExpression (241 bytes)


---------------  P R O C E S S  ---------------

Java Threads: ( => current thread )
  0x0000000018b73800 JavaThread "RMI RenewClean-[localhost:31732,org.jetbrains.kotlin.daemon.common.LoopbackNetworkInterface$ClientLoopbackSocketFactory@48ed77e5]" daemon [_thread_blocked, id=3420, stack(0x0000000019d00000,0x0000000019e00000)]
  0x0000000018b99800 JavaThread "RMI Scheduler(0)" daemon [_thread_blocked, id=24136, stack(0x0000000019c00000,0x0000000019d00000)]
  0x0000000018b41000 JavaThread "RMI TCP Connection(2)-127.0.0.1" daemon [_thread_in_Java, id=21056, stack(0x0000000019b00000,0x0000000019c00000)]
  0x0000000018b2d800 JavaThread "RMI TCP Connection(1)-127.0.0.1" daemon [_thread_in_native, id=17280, stack(0x0000000019a00000,0x0000000019b00000)]
  0x0000000002fd2800 JavaThread "DestroyJavaVM" [_thread_blocked, id=24780, stack(0x0000000002ed0000,0x0000000002fd0000)]
  0x0000000018b4d000 JavaThread "GC Daemon" daemon [_thread_blocked, id=24592, stack(0x0000000019820000,0x0000000019920000)]
  0x0000000018b51000 JavaThread "RMI Reaper" [_thread_blocked, id=15316, stack(0x0000000019720000,0x0000000019820000)]
  0x0000000018b05800 JavaThread "Timer-0" daemon [_thread_blocked, id=23740, stack(0x0000000019320000,0x0000000019420000)]
  0x0000000018ab4000 JavaThread "RMI TCP Accept-17677" daemon [_thread_in_native, id=24280, stack(0x0000000019220000,0x0000000019320000)]
  0x0000000017e83800 JavaThread "Service Thread" daemon [_thread_blocked, id=14528, stack(0x0000000018720000,0x0000000018820000)]
  0x0000000017e7d800 JavaThread "C1 CompilerThread2" daemon [_thread_blocked, id=25320, stack(0x0000000018620000,0x0000000018720000)]
=>0x0000000017e45000 JavaThread "C2 CompilerThread1" daemon [_thread_in_native, id=12580, stack(0x0000000018520000,0x0000000018620000)]
  0x0000000016a9b000 JavaThread "C2 CompilerThread0" daemon [_thread_in_native, id=14572, stack(0x0000000018420000,0x0000000018520000)]
  0x0000000017e28800 JavaThread "Attach Listener" daemon [_thread_blocked, id=24040, stack(0x0000000018320000,0x0000000018420000)]
  0x0000000016a4f800 JavaThread "Signal Dispatcher" daemon [_thread_blocked, id=20664, stack(0x0000000018220000,0x0000000018320000)]
  0x00000000030cc800 JavaThread "Finalizer" daemon [_thread_blocked, id=11636, stack(0x0000000017c90000,0x0000000017d90000)]
  0x00000000030c2000 JavaThread "Reference Handler" daemon [_thread_blocked, id=17836, stack(0x0000000017b90000,0x0000000017c90000)]

Other Threads:
  0x0000000016a05000 VMThread [stack: 0x0000000017a90000,0x0000000017b90000] [id=9308]
  0x0000000017e85000 WatcherThread [stack: 0x0000000018820000,0x0000000018920000] [id=26160]

VM state:not at safepoint (normal execution)

VM Mutex/Monitor currently owned by a thread: None

Heap:
 PSYoungGen      total 84992K, used 35227K [0x00000000e0000000, 0x00000000e7080000, 0x0000000100000000)
  eden space 65536K, 26% used [0x00000000e0000000,0x00000000e10e1950,0x00000000e4000000)
  from space 19456K, 92% used [0x00000000e4000000,0x00000000e5185670,0x00000000e5300000)
  to   space 21504K, 0% used [0x00000000e5b80000,0x00000000e5b80000,0x00000000e7080000)
 ParOldGen       total 166912K, used 87865K [0x00000000a0000000, 0x00000000aa300000, 0x00000000e0000000)
  object space 166912K, 52% used [0x00000000a0000000,0x00000000a55ce448,0x00000000aa300000)
 Metaspace       used 47468K, capacity 48396K, committed 48640K, reserved 1091584K
  class space    used 5837K, capacity 6030K, committed 6144K, reserved 1048576K

Card table byte_map: [0x0000000012490000,0x00000000127a0000] byte_map_base: 0x0000000011f90000

Marking Bits: (ParMarkBitMap*) 0x00000000741f3950
 Begin Bits: [0x0000000012da0000, 0x00000000145a0000)
 End Bits:   [0x00000000145a0000, 0x0000000015da0000)

Polling page: 0x0000000002970000

CodeCache: size=245760Kb used=25206Kb max_used=25206Kb free=220553Kb
 bounds [0x00000000030d0000, 0x0000000004990000, 0x00000000120d0000]
 total_blobs=7345 nmethods=6854 adapters=403
 compilation: enabled

Compilation events (10 events):
Event: 30.007 Thread 0x0000000017e7d800 7439       3       org.jetbrains.kotlin.com.intellij.lang.java.parser.ExpressionParser$$Lambda$145/1235094816::fun (12 bytes)
Event: 30.008 Thread 0x0000000017e7d800 nmethod 7439 0x000000000497f7d0 code [0x000000000497f960, 0x000000000497fde8]
Event: 30.054 Thread 0x0000000017e7d800 7441       3       org.jetbrains.kotlin.gnu.trove.TIntObjectHashMap::index (143 bytes)
Event: 30.055 Thread 0x0000000017e7d800 nmethod 7441 0x000000000497ff90 code [0x0000000004980180, 0x0000000004980b48]
Event: 30.056 Thread 0x0000000017e7d800 7442       3       org.jetbrains.kotlin.com.intellij.lang.impl.PsiBuilderImpl$StartMarker::getBinder (50 bytes)
Event: 30.058 Thread 0x0000000017e7d800 nmethod 7442 0x0000000004981010 code [0x00000000049812c0, 0x00000000049827c8]
Event: 30.065 Thread 0x0000000017e7d800 7443       3       org.jetbrains.kotlin.com.intellij.lang.java.parser.JavaParserUtil$TrailingWhitespacesAndCommentsBinder::getEdgePosition (95 bytes)
Event: 30.066 Thread 0x0000000017e7d800 nmethod 7443 0x0000000004983390 code [0x0000000004983580, 0x0000000004983e28]
Event: 30.068 Thread 0x0000000017e7d800 7444       3       org.jetbrains.kotlin.com.intellij.lang.java.parser.JavaParserUtil$PrecedingWhitespacesAndCommentsBinder::getEdgePosition (197 bytes)
Event: 30.069 Thread 0x0000000017e7d800 nmethod 7444 0x00000000049840d0 code [0x0000000004984360, 0x00000000049853d8]

GC Heap History (10 events):
Event: 24.684 GC heap before
{Heap before GC invocations=21 (full 5):
 PSYoungGen      total 77312K, used 60416K [0x00000000e0000000, 0x00000000e6480000, 0x0000000100000000)
  eden space 60416K, 100% used [0x00000000e0000000,0x00000000e3b00000,0x00000000e3b00000)
  from space 16896K, 0% used [0x00000000e3b00000,0x00000000e3b00000,0x00000000e4b80000)
  to   space 16896K, 0% used [0x00000000e4b80000,0x00000000e4b80000,0x00000000e5c00000)
 ParOldGen       total 140288K, used 87955K [0x00000000a0000000, 0x00000000a8900000, 0x00000000e0000000)
  object space 140288K, 62% used [0x00000000a0000000,0x00000000a55e4da8,0x00000000a8900000)
 Metaspace       used 42655K, capacity 43386K, committed 43776K, reserved 1087488K
  class space    used 5353K, capacity 5505K, committed 5632K, reserved 1048576K
Event: 24.701 GC heap after
Heap after GC invocations=21 (full 5):
 PSYoungGen      total 76800K, used 128K [0x00000000e0000000, 0x00000000e6800000, 0x0000000100000000)
  eden space 59904K, 0% used [0x00000000e0000000,0x00000000e0000000,0x00000000e3a80000)
  from space 16896K, 0% used [0x00000000e4b80000,0x00000000e4ba0000,0x00000000e5c00000)
  to   space 17408K, 0% used [0x00000000e3a80000,0x00000000e3a80000,0x00000000e4b80000)
 ParOldGen       total 140288K, used 128983K [0x00000000a0000000, 0x00000000a8900000, 0x00000000e0000000)
  object space 140288K, 91% used [0x00000000a0000000,0x00000000a7df5c10,0x00000000a8900000)
 Metaspace       used 42655K, capacity 43386K, committed 43776K, reserved 1087488K
  class space    used 5353K, capacity 5505K, committed 5632K, reserved 1048576K
}
Event: 24.701 GC heap before
{Heap before GC invocations=22 (full 6):
 PSYoungGen      total 76800K, used 128K [0x00000000e0000000, 0x00000000e6800000, 0x0000000100000000)
  eden space 59904K, 0% used [0x00000000e0000000,0x00000000e0000000,0x00000000e3a80000)
  from space 16896K, 0% used [0x00000000e4b80000,0x00000000e4ba0000,0x00000000e5c00000)
  to   space 17408K, 0% used [0x00000000e3a80000,0x00000000e3a80000,0x00000000e4b80000)
 ParOldGen       total 140288K, used 128983K [0x00000000a0000000, 0x00000000a8900000, 0x00000000e0000000)
  object space 140288K, 91% used [0x00000000a0000000,0x00000000a7df5c10,0x00000000a8900000)
 Metaspace       used 42655K, capacity 43386K, committed 43776K, reserved 1087488K
  class space    used 5353K, capacity 5505K, committed 5632K, reserved 1048576K
Event: 24.799 GC heap after
Heap after GC invocations=22 (full 6):
 PSYoungGen      total 76800K, used 0K [0x00000000e0000000, 0x00000000e6800000, 0x0000000100000000)
  eden space 59904K, 0% used [0x00000000e0000000,0x00000000e0000000,0x00000000e3a80000)
  from space 16896K, 0% used [0x00000000e4b80000,0x00000000e4b80000,0x00000000e5c00000)
  to   space 17408K, 0% used [0x00000000e3a80000,0x00000000e3a80000,0x00000000e4b80000)
 ParOldGen       total 166912K, used 36556K [0x00000000a0000000, 0x00000000aa300000, 0x00000000e0000000)
  object space 166912K, 21% used [0x00000000a0000000,0x00000000a23b3238,0x00000000aa300000)
 Metaspace       used 42655K, capacity 43386K, committed 43776K, reserved 1087488K
  class space    used 5353K, capacity 5505K, committed 5632K, reserved 1048576K
}
Event: 27.025 GC heap before
{Heap before GC invocations=23 (full 6):
 PSYoungGen      total 76800K, used 59904K [0x00000000e0000000, 0x00000000e6800000, 0x0000000100000000)
  eden space 59904K, 100% used [0x00000000e0000000,0x00000000e3a80000,0x00000000e3a80000)
  from space 16896K, 0% used [0x00000000e4b80000,0x00000000e4b80000,0x00000000e5c00000)
  to   space 17408K, 0% used [0x00000000e3a80000,0x00000000e3a80000,0x00000000e4b80000)
 ParOldGen       total 166912K, used 36556K [0x00000000a0000000, 0x00000000aa300000, 0x00000000e0000000)
  object space 166912K, 21% used [0x00000000a0000000,0x00000000a23b3238,0x00000000aa300000)
 Metaspace       used 45288K, capacity 46132K, committed 46592K, reserved 1089536K
  class space    used 5574K, capacity 5786K, committed 5888K, reserved 1048576K
Event: 27.054 GC heap after
Heap after GC invocations=23 (full 6):
 PSYoungGen      total 77312K, used 9702K [0x00000000e0000000, 0x00000000e6500000, 0x0000000100000000)
  eden space 59904K, 0% used [0x00000000e0000000,0x00000000e0000000,0x00000000e3a80000)
  from space 17408K, 55% used [0x00000000e3a80000,0x00000000e43f9b30,0x00000000e4b80000)
  to   space 17408K, 0% used [0x00000000e5400000,0x00000000e5400000,0x00000000e6500000)
 ParOldGen       total 166912K, used 36564K [0x00000000a0000000, 0x00000000aa300000, 0x00000000e0000000)
  object space 166912K, 21% used [0x00000000a0000000,0x00000000a23b5238,0x00000000aa300000)
 Metaspace       used 45288K, capacity 46132K, committed 46592K, reserved 1089536K
  class space    used 5574K, capacity 5786K, committed 5888K, reserved 1048576K
}
Event: 28.533 GC heap before
{Heap before GC invocations=24 (full 6):
 PSYoungGen      total 77312K, used 69606K [0x00000000e0000000, 0x00000000e6500000, 0x0000000100000000)
  eden space 59904K, 100% used [0x00000000e0000000,0x00000000e3a80000,0x00000000e3a80000)
  from space 17408K, 55% used [0x00000000e3a80000,0x00000000e43f9b30,0x00000000e4b80000)
  to   space 17408K, 0% used [0x00000000e5400000,0x00000000e5400000,0x00000000e6500000)
 ParOldGen       total 166912K, used 36564K [0x00000000a0000000, 0x00000000aa300000, 0x00000000e0000000)
  object space 166912K, 21% used [0x00000000a0000000,0x00000000a23b5238,0x00000000aa300000)
 Metaspace       used 46334K, capacity 47194K, committed 47488K, reserved 1091584K
  class space    used 5711K, capacity 5921K, committed 6016K, reserved 1048576K
Event: 28.575 GC heap after
Heap after GC invocations=24 (full 6):
 PSYoungGen      total 82944K, used 16067K [0x00000000e0000000, 0x00000000e6600000, 0x0000000100000000)
  eden space 65536K, 0% used [0x00000000e0000000,0x00000000e0000000,0x00000000e4000000)
  from space 17408K, 92% used [0x00000000e5400000,0x00000000e63b0da0,0x00000000e6500000)
  to   space 19456K, 0% used [0x00000000e4000000,0x00000000e4000000,0x00000000e5300000)
 ParOldGen       total 166912K, used 36572K [0x00000000a0000000, 0x00000000aa300000, 0x00000000e0000000)
  object space 166912K, 21% used [0x00000000a0000000,0x00000000a23b7238,0x00000000aa300000)
 Metaspace       used 46334K, capacity 47194K, committed 47488K, reserved 1091584K
  class space    used 5711K, capacity 5921K, committed 6016K, reserved 1048576K
}
Event: 29.285 GC heap before
{Heap before GC invocations=25 (full 6):
 PSYoungGen      total 82944K, used 80013K [0x00000000e0000000, 0x00000000e6600000, 0x0000000100000000)
  eden space 65536K, 97% used [0x00000000e0000000,0x00000000e3e72768,0x00000000e4000000)
  from space 17408K, 92% used [0x00000000e5400000,0x00000000e63b0da0,0x00000000e6500000)
  to   space 19456K, 0% used [0x00000000e4000000,0x00000000e4000000,0x00000000e5300000)
 ParOldGen       total 166912K, used 77600K [0x00000000a0000000, 0x00000000aa300000, 0x00000000e0000000)
  object space 166912K, 46% used [0x00000000a0000000,0x00000000a4bc80a0,0x00000000aa300000)
 Metaspace       used 46831K, capacity 47688K, committed 48000K, reserved 1091584K
  class space    used 5776K, capacity 5992K, committed 6016K, reserved 1048576K
Event: 29.341 GC heap after
Heap after GC invocations=25 (full 6):
 PSYoungGen      total 84992K, used 17941K [0x00000000e0000000, 0x00000000e7080000, 0x0000000100000000)
  eden space 65536K, 0% used [0x00000000e0000000,0x00000000e0000000,0x00000000e4000000)
  from space 19456K, 92% used [0x00000000e4000000,0x00000000e5185670,0x00000000e5300000)
  to   space 21504K, 0% used [0x00000000e5b80000,0x00000000e5b80000,0x00000000e7080000)
 ParOldGen       total 166912K, used 87865K [0x00000000a0000000, 0x00000000aa300000, 0x00000000e0000000)
  object space 166912K, 52% used [0x00000000a0000000,0x00000000a55ce448,0x00000000aa300000)
 Metaspace       used 46831K, capacity 47688K, committed 48000K, reserved 1091584K
  class space    used 5776K, capacity 5992K, committed 6016K, reserved 1048576K
}

Deoptimization events (10 events):
Event: 29.806 Thread 0x0000000018b41000 Uncommon trap: reason=class_check action=maybe_recompile pc=0x00000000042431bc method=org.jetbrains.kotlin.com.intellij.lang.impl.PsiBuilderAdapter.advanceLexer()V @ 4
Event: 29.806 Thread 0x0000000018b41000 Uncommon trap: reason=class_check action=maybe_recompile pc=0x00000000042431bc method=org.jetbrains.kotlin.com.intellij.lang.impl.PsiBuilderAdapter.advanceLexer()V @ 4
Event: 29.806 Thread 0x0000000018b41000 Uncommon trap: reason=class_check action=maybe_recompile pc=0x00000000042431bc method=org.jetbrains.kotlin.com.intellij.lang.impl.PsiBuilderAdapter.advanceLexer()V @ 4
Event: 29.806 Thread 0x0000000018b41000 Uncommon trap: reason=class_check action=maybe_recompile pc=0x0000000003992f50 method=org.jetbrains.kotlin.com.intellij.lang.impl.PsiBuilderAdapter.mark()Lorg/jetbrains/kotlin/com/intellij/lang/PsiBuilder$Marker; @ 4
Event: 29.806 Thread 0x0000000018b41000 Uncommon trap: reason=class_check action=maybe_recompile pc=0x0000000003992f50 method=org.jetbrains.kotlin.com.intellij.lang.impl.PsiBuilderAdapter.mark()Lorg/jetbrains/kotlin/com/intellij/lang/PsiBuilder$Marker; @ 4
Event: 29.806 Thread 0x0000000018b41000 Uncommon trap: reason=class_check action=maybe_recompile pc=0x00000000042431bc method=org.jetbrains.kotlin.com.intellij.lang.impl.PsiBuilderAdapter.advanceLexer()V @ 4
Event: 29.806 Thread 0x0000000018b41000 Uncommon trap: reason=class_check action=maybe_recompile pc=0x0000000003acf094 method=org.jetbrains.kotlin.com.intellij.lang.impl.PsiBuilderAdapter.getCurrentOffset()I @ 4
Event: 29.806 Thread 0x0000000018b41000 Uncommon trap: reason=class_check action=maybe_recompile pc=0x0000000003acf094 method=org.jetbrains.kotlin.com.intellij.lang.impl.PsiBuilderAdapter.getCurrentOffset()I @ 4
Event: 29.806 Thread 0x0000000018b41000 Uncommon trap: reason=class_check action=maybe_recompile pc=0x0000000003acf094 method=org.jetbrains.kotlin.com.intellij.lang.impl.PsiBuilderAdapter.getCurrentOffset()I @ 4
Event: 30.053 Thread 0x0000000018b41000 Uncommon trap: reason=unstable_if action=reinterpret pc=0x000000000495b140 method=org.jetbrains.kotlin.gnu.trove.TIntObjectHashMap.insertionIndex(I)I @ 168

Classes redefined (0 events):
No events

Internal exceptions (10 events):
Event: 21.164 Thread 0x0000000018b41000 Exception <a 'java/lang/NoSuchMethodError': java.lang.Object.lambda$static$0(I)[Lorg/jetbrains/kotlin/com/intellij/psi/PsiJavaCodeReferenceElement;> (0x00000000e14f3868) thrown at [D:\src\AOSP-openjdk-cygwin\jdk8u\hotspot\src\share\vm\interpreter\linkReso
Event: 21.251 Thread 0x0000000018b41000 Exception <a 'java/lang/NoSuchMethodError': java.lang.Object.lambda$static$0(I)[Lorg/jetbrains/kotlin/com/intellij/psi/PsiImportStatementBase;> (0x00000000e23d54e8) thrown at [D:\src\AOSP-openjdk-cygwin\jdk8u\hotspot\src\share\vm\interpreter\linkResolver.
Event: 21.362 Thread 0x0000000018b41000 Exception <a 'java/lang/NoSuchMethodError': java.lang.Object.lambda$static$0(I)[Lorg/jetbrains/kotlin/com/intellij/psi/PsiTypeElement;> (0x00000000e2891d98) thrown at [D:\src\AOSP-openjdk-cygwin\jdk8u\hotspot\src\share\vm\interpreter\linkResolver.cpp, lin
Event: 21.654 Thread 0x0000000018b41000 Exception <a 'java/lang/NoSuchMethodError': java.lang.Object.lambda$static$0(I)[Lorg/jetbrains/kotlin/com/intellij/psi/PsiField;> (0x00000000e0dda1f0) thrown at [D:\src\AOSP-openjdk-cygwin\jdk8u\hotspot\src\share\vm\interpreter\linkResolver.cpp, line 584]
Event: 21.843 Thread 0x0000000018b41000 Exception <a 'java/lang/NoSuchMethodError': java.lang.Object.lambda$static$0(I)[Lorg/jetbrains/kotlin/com/intellij/psi/PsiMethod;> (0x00000000e0e0d980) thrown at [D:\src\AOSP-openjdk-cygwin\jdk8u\hotspot\src\share\vm\interpreter\linkResolver.cpp, line 584
Event: 22.393 Thread 0x0000000018b41000 Exception <a 'java/lang/NoSuchMethodError': java.lang.Object.lambda$static$0(I)[Lorg/jetbrains/kotlin/com/intellij/psi/PsiParameter;> (0x00000000e0e04ce8) thrown at [D:\src\AOSP-openjdk-cygwin\jdk8u\hotspot\src\share\vm\interpreter\linkResolver.cpp, line 
Event: 25.156 Thread 0x0000000018b41000 Implicit null exception at 0x000000000388fb0c to 0x000000000388fbb5
Event: 27.983 Thread 0x0000000018b41000 Exception <a 'java/lang/NoSuchMethodError': java.lang.Object.lambda$static$0(I)[Lorg/jetbrains/kotlin/com/intellij/psi/PsiNameValuePair;> (0x00000000e2165a08) thrown at [D:\src\AOSP-openjdk-cygwin\jdk8u\hotspot\src\share\vm\interpreter\linkResolver.cpp, l
Event: 27.989 Thread 0x0000000018b41000 Exception <a 'java/lang/NoSuchMethodError': java.lang.Object.lambda$static$0(I)[Lorg/jetbrains/kotlin/com/intellij/psi/PsiAnnotationMemberValue;> (0x00000000e217f330) thrown at [D:\src\AOSP-openjdk-cygwin\jdk8u\hotspot\src\share\vm\interpreter\linkResolve
Event: 29.488 Thread 0x0000000018b41000 Implicit null exception at 0x000000000481660d to 0x00000000048168dc

Events (10 events):
Event: 29.806 Thread 0x0000000018b41000 DEOPT UNPACKING pc=0x000000000311556a sp=0x0000000019bf7098 mode 2
Event: 29.977 loading class org/jetbrains/kotlin/com/intellij/lang/PsiBuilder
Event: 29.977 loading class org/jetbrains/kotlin/com/intellij/lang/PsiBuilder done
Event: 29.983 loading class org/jetbrains/kotlin/com/intellij/lang/PsiBuilder
Event: 29.983 loading class org/jetbrains/kotlin/com/intellij/lang/PsiBuilder done
Event: 29.983 loading class org/jetbrains/kotlin/com/intellij/lang/java/parser/ExpressionParser
Event: 29.983 loading class org/jetbrains/kotlin/com/intellij/lang/java/parser/ExpressionParser done
Event: 30.053 Thread 0x0000000018b41000 Uncommon trap: trap_request=0xffffff65 fr.pc=0x000000000495b140
Event: 30.053 Thread 0x0000000018b41000 DEOPT PACKING pc=0x000000000495b140 sp=0x0000000019bf7610
Event: 30.054 Thread 0x0000000018b41000 DEOPT UNPACKING pc=0x000000000311556a sp=0x0000000019bf74a8 mode 2


Dynamic libraries:
0x00007ff60a1c0000 - 0x00007ff60a1f1000 	C:\Program Files\Android\Android Studio\jre\jre\bin\java.exe
0x00007ff8e7c60000 - 0x00007ff8e7e41000 	C:\WINDOWS\SYSTEM32\ntdll.dll
0x00007ff8e5810000 - 0x00007ff8e58c2000 	C:\WINDOWS\System32\KERNEL32.DLL
0x00007ff8e41e0000 - 0x00007ff8e4453000 	C:\WINDOWS\System32\KERNELBASE.dll
0x00007ff8e6190000 - 0x00007ff8e6231000 	C:\WINDOWS\System32\ADVAPI32.dll
0x00007ff8e60f0000 - 0x00007ff8e618e000 	C:\WINDOWS\System32\msvcrt.dll
0x00007ff8e57b0000 - 0x00007ff8e580b000 	C:\WINDOWS\System32\sechost.dll
0x00007ff8e58d0000 - 0x00007ff8e59f4000 	C:\WINDOWS\System32\RPCRT4.dll
0x00007ff8e62a0000 - 0x00007ff8e6430000 	C:\WINDOWS\System32\USER32.dll
0x00007ff8e4460000 - 0x00007ff8e4480000 	C:\WINDOWS\System32\win32u.dll
0x00007ff8e5ed0000 - 0x00007ff8e5ef8000 	C:\WINDOWS\System32\GDI32.dll
0x00007ff8e4480000 - 0x00007ff8e4612000 	C:\WINDOWS\System32\gdi32full.dll
0x00007ff8e4940000 - 0x00007ff8e49df000 	C:\WINDOWS\System32\msvcp_win.dll
0x00007ff8e4030000 - 0x00007ff8e412a000 	C:\WINDOWS\System32\ucrtbase.dll
0x00007ff8d7540000 - 0x00007ff8d77a9000 	C:\WINDOWS\WinSxS\amd64_microsoft.windows.common-controls_6595b64144ccf1df_6.0.17134.165_none_fb429645306569ac\COMCTL32.dll
0x00007ff8e5a00000 - 0x00007ff8e5d23000 	C:\WINDOWS\System32\combase.dll
0x00007ff8e46d0000 - 0x00007ff8e474a000 	C:\WINDOWS\System32\bcryptPrimitives.dll
0x00007ff8e50f0000 - 0x00007ff8e511d000 	C:\WINDOWS\System32\IMM32.DLL
0x0000000073740000 - 0x0000000073812000 	C:\Program Files\Android\Android Studio\jre\jre\bin\msvcr100.dll
0x0000000073a30000 - 0x000000007426e000 	C:\Program Files\Android\Android Studio\jre\jre\bin\server\jvm.dll
0x00007ff8e57a0000 - 0x00007ff8e57a8000 	C:\WINDOWS\System32\PSAPI.DLL
0x00007ff8e0610000 - 0x00007ff8e0619000 	C:\WINDOWS\SYSTEM32\WSOCK32.dll
0x00007ff8e6080000 - 0x00007ff8e60ec000 	C:\WINDOWS\System32\WS2_32.dll
0x00007ff8e1db0000 - 0x00007ff8e1dd3000 	C:\WINDOWS\SYSTEM32\WINMM.dll
0x00007ff8d3df0000 - 0x00007ff8d3dfa000 	C:\WINDOWS\SYSTEM32\VERSION.dll
0x00007ff8e1c90000 - 0x00007ff8e1cba000 	C:\WINDOWS\SYSTEM32\winmmbase.dll
0x00007ff8e4680000 - 0x00007ff8e46c9000 	C:\WINDOWS\System32\cfgmgr32.dll
0x00007ff8e0600000 - 0x00007ff8e060f000 	C:\Program Files\Android\Android Studio\jre\jre\bin\verify.dll
0x00007ff8cd770000 - 0x00007ff8cd799000 	C:\Program Files\Android\Android Studio\jre\jre\bin\java.dll
0x00007ff8d80a0000 - 0x00007ff8d80b6000 	C:\Program Files\Android\Android Studio\jre\jre\bin\zip.dll
0x00007ff8e65a0000 - 0x00007ff8e79e0000 	C:\WINDOWS\System32\SHELL32.dll
0x00007ff8e5580000 - 0x00007ff8e5629000 	C:\WINDOWS\System32\shcore.dll
0x00007ff8e49e0000 - 0x00007ff8e50ed000 	C:\WINDOWS\System32\windows.storage.dll
0x00007ff8e7a00000 - 0x00007ff8e7a51000 	C:\WINDOWS\System32\shlwapi.dll
0x00007ff8e3fe0000 - 0x00007ff8e3ff1000 	C:\WINDOWS\System32\kernel.appcore.dll
0x00007ff8e3fc0000 - 0x00007ff8e3fdf000 	C:\WINDOWS\System32\profapi.dll
0x00007ff8e3f70000 - 0x00007ff8e3fbc000 	C:\WINDOWS\System32\powrprof.dll
0x00007ff8e4000000 - 0x00007ff8e400a000 	C:\WINDOWS\System32\FLTLIB.DLL
0x00007ff8e05f0000 - 0x00007ff8e05fd000 	C:\Program Files\Android\Android Studio\jre\jre\bin\management.dll
0x00007ff8d7e50000 - 0x00007ff8d7e6a000 	C:\Program Files\Android\Android Studio\jre\jre\bin\net.dll
0x00007ff8e37f0000 - 0x00007ff8e3856000 	C:\WINDOWS\system32\mswsock.dll
0x00007ff8d7be0000 - 0x00007ff8d7bf1000 	C:\Program Files\Android\Android Studio\jre\jre\bin\nio.dll
0x00007ff8e39a0000 - 0x00007ff8e39b7000 	C:\WINDOWS\SYSTEM32\CRYPTSP.dll
0x00007ff8e33d0000 - 0x00007ff8e3403000 	C:\WINDOWS\system32\rsaenh.dll
0x00007ff8e3ad0000 - 0x00007ff8e3af5000 	C:\WINDOWS\SYSTEM32\bcrypt.dll
0x00007ff8e3e70000 - 0x00007ff8e3e98000 	C:\WINDOWS\SYSTEM32\USERENV.dll
0x00007ff8e39c0000 - 0x00007ff8e39cb000 	C:\WINDOWS\SYSTEM32\CRYPTBASE.dll
0x00007ff8e3570000 - 0x00007ff8e35a8000 	C:\WINDOWS\SYSTEM32\IPHLPAPI.DLL
0x00007ff8e5570000 - 0x00007ff8e5578000 	C:\WINDOWS\System32\NSI.dll
0x00007ff8d82a0000 - 0x00007ff8d82b6000 	C:\WINDOWS\SYSTEM32\dhcpcsvc6.DLL
0x00007ff8d90b0000 - 0x00007ff8d90ca000 	C:\WINDOWS\SYSTEM32\dhcpcsvc.DLL

VM Arguments:
jvm_args: -Djava.awt.headless=true -Djava.rmi.server.hostname=localhost -Xmx1536m -Dkotlin.environment.keepalive 
java_command: org.jetbrains.kotlin.daemon.KotlinCompileDaemon --daemon-runFilesPath C:\Users\Lee_wonjun\AppData\Local\kotlin\daemon --daemon-autoshutdownIdleSeconds=7200 --daemon-compilerClasspath C:\Users\Lee_wonjun\.gradle\caches\jars-3\5b1d25e2d0182f2c0e59f289afb998e5\kotlin-compiler-embeddable-1.1.51.jar;C:\Program Files\Android\Android Studio\jre\lib\tools.jar
java_class_path (initial): C:\Users\Lee_wonjun\.gradle\caches\jars-3\5b1d25e2d0182f2c0e59f289afb998e5\kotlin-compiler-embeddable-1.1.51.jar;C:\Program Files\Android\Android Studio\jre\lib\tools.jar
Launcher Type: SUN_STANDARD

Environment Variables:
JAVA_HOME=C:\Program Files\Java\jdk1.8.0_144\
CLASSPATH=.
PATH=C:\ProgramData\Oracle\Java\javapath;C:\WINDOWS\system32;C:\WINDOWS;C:\WINDOWS\System32\Wbem;C:\WINDOWS\System32\WindowsPowerShell\v1.0\;C:\Program Files\MySQL\MySQL Utilities 1.6\;C:\Program Files (x86)\GtkSharp\2.12\bin;c:\Program Files (x86)\Microsoft SQL Server\100\Tools\Binn\;c:\Program Files\Microsoft SQL Server\100\Tools\Binn\;c:\Program Files\Microsoft SQL Server\100\DTS\Binn\;C:\Program Files (x86)\Git\cmd;C:\Program Files\Java\jdk1.8.0_144\bin;C:\Program Files\nodejs\;C:\APM_Setup\Server\Apache\bin;C:\APM_Setup\Server\MySQL5\bin;C:\APM_Setup\Server\PHP5;C:\Program Files\PuTTY\;C:\WINDOWS\System32\OpenSSH\;C:\Users\Lee_wonjun\AppData\Local\Microsoft\WindowsApps;C:\Users\Lee_wonjun\AppData\Local\atom\bin;C:\MinGW\bin;C:\Program Files (x86)\SSH Communications Security\SSH Secure Shell;C:\Users\Lee_wonjun\AppData\Local\Microsoft\WindowsApps;C:\Program Files\Java\jdk1.8.0_144\bin;D:\AndroidSDK\\platform-tools;C:\Users\Lee_wonjun\AppData\Roaming\npm;C:\Program Files\Microsoft VS Code\bin;
USERNAME=Lee_wonjun
OS=Windows_NT
PROCESSOR_IDENTIFIER=Intel64 Family 6 Model 61 Stepping 4, GenuineIntel



---------------  S Y S T E M  ---------------

OS: Windows 10.0 , 64 bit Build 17134 (10.0.17134.1)

CPU:total 4 (initial active 4) (2 cores per cpu, 2 threads per core) family 6 model 61 stepping 4, cmov, cx8, fxsr, mmx, sse, sse2, sse3, ssse3, sse4.1, sse4.2, popcnt, avx, avx2, aes, clmul, erms, 3dnowpref, lzcnt, ht, tsc, tscinvbit, bmi1, bmi2, adx

Memory: 4k page, physical 4113072k(393436k free), swap 8209072k(2320k free)

vm_info: OpenJDK 64-Bit Server VM (25.152-b01) for windows-amd64 JRE (1.8.0_152-release-915-b01), built by "builder" with MS VC++ 10.0 (VS2010)

time: Thu Jul 19 00:23:47 2018
elapsed time: 30 seconds (0d 0h 0m 30s)

